{"environment":"development","level":"info","message":"Transfer service started successfully","nodeVersion":"v22.14.0","port":3000,"service":"transfer-service","timestamp":"2025-11-27T19:49:42.183Z"}
{"environment":"development","level":"info","message":"Transfer service started successfully","nodeVersion":"v22.14.0","port":3000,"service":"transfer-service","timestamp":"2025-11-27T19:57:44.105Z"}
{"level":"info","message":"Health check requested","service":"transfer-service","timestamp":"2025-11-27T19:58:20.456Z"}
{"duration":"12ms","ip":"::1","level":"info","message":"HTTp Request","method":"GET","service":"transfer-service","status":200,"timestamp":"2025-11-27T19:58:20.468Z","url":"/health","userAgents":"PostmanRuntime/7.48.0"}
{"environment":"development","level":"info","message":"Transfer service started successfully","nodeVersion":"v22.14.0","port":3000,"service":"transfer-service","timestamp":"2025-11-27T20:01:43.209Z"}
{"environment":"development","level":"info","message":"Transfer service started successfully","nodeVersion":"v22.14.0","port":3000,"service":"transfer-service","timestamp":"2025-11-27T20:04:33.393Z"}
{"environment":"development","level":"info","message":"Transfer service started successfully","nodeVersion":"v22.14.0","port":3000,"service":"transfer-service","timestamp":"2025-11-27T20:07:40.961Z"}
{"environment":"development","level":"info","message":"Transfer service started successfully","nodeVersion":"v22.14.0","port":3000,"service":"transfer-service","timestamp":"2025-11-27T20:09:59.044Z"}
{"environment":"development","level":"info","message":"Transfer service started successfully","nodeVersion":"v22.14.0","port":3000,"service":"transfer-service","timestamp":"2025-11-28T09:23:24.799Z"}
{"level":"info","message":"Health check requested","service":"transfer-service","timestamp":"2025-11-28T09:23:34.896Z"}
{"duration":"14ms","ip":"::1","level":"info","message":"HTTp Request","method":"GET","service":"transfer-service","status":200,"timestamp":"2025-11-28T09:23:34.910Z","url":"/health","userAgents":"PostmanRuntime/7.49.1"}
{"level":"warn","message":"Route not found","method":"GET","service":"transfer-service","timestamp":"2025-11-28T09:24:08.802Z","url":"/api/v1/transfers"}
{"duration":"4ms","ip":"::1","level":"info","message":"HTTp Request","method":"GET","service":"transfer-service","status":404,"timestamp":"2025-11-28T09:24:08.806Z","url":"/api/v1/transfers","userAgents":"PostmanRuntime/7.49.1"}
{"duration":"0ms","ip":"::1","level":"info","message":"HTTp Request","method":"GET","service":"transfer-service","status":200,"timestamp":"2025-11-28T09:24:49.624Z","url":"/","userAgents":"PostmanRuntime/7.49.1"}
{"duration":"2ms","ip":"::1","level":"info","message":"HTTp Request","method":"GET","service":"transfer-service","status":200,"timestamp":"2025-11-28T09:25:32.478Z","url":"/","userAgents":"PostmanRuntime/7.49.1"}
{"environment":"development","level":"info","message":"Transfer service started successfully","nodeVersion":"v22.14.0","port":3000,"service":"transfer-service","timestamp":"2025-11-28T09:28:12.016Z"}
{"environment":"development","level":"info","message":"Transfer service started successfully","nodeVersion":"v22.14.0","port":3000,"service":"transfer-service","timestamp":"2025-11-28T22:59:35.911Z"}
{"environment":"development","level":"info","message":"Transfer service started successfully","nodeVersion":"v22.14.0","port":3000,"service":"transfer-service","timestamp":"2025-11-28T23:18:53.368Z"}
{"environment":"development","level":"info","message":"Transfer service started successfully","nodeVersion":"v22.14.0","port":3000,"service":"transfer-service","timestamp":"2025-11-28T23:22:17.003Z"}
{"environment":"development","level":"info","message":"Transfer service started successfully","nodeVersion":"v22.14.0","port":3000,"service":"transfer-service","timestamp":"2025-11-28T23:32:03.362Z"}
{"level":"info","message":"Health check requested","service":"transfer-service","timestamp":"2025-11-28T23:34:08.080Z"}
{"duration":"12ms","ip":"::1","level":"info","message":"HTTP Request","method":"GET","service":"transfer-service","status":200,"timestamp":"2025-11-28T23:34:08.092Z","url":"/health","userAgents":"PostmanRuntime/7.49.1"}
{"duration":"9ms","ip":"::1","level":"info","message":"HTTP Request","method":"GET","service":"transfer-service","status":200,"timestamp":"2025-11-28T23:34:14.253Z","url":"/","userAgents":"PostmanRuntime/7.49.1"}
{"body":{"amount":5000,"currency":"NGN","narration":"Salary advance payment","recipientAccountId":"123e4567-e89b-12d3-a456-42661417401","recipientAccountNumber":"1234567890","recipientName":"John Doe","senderAccountId":"123e4567-e89b-12d3-a456-42661417400","type":"INTRA_Bank"},"error":"[\n  {\n    \"origin\": \"string\",\n    \"code\": \"invalid_format\",\n    \"format\": \"uuid\",\n    \"pattern\": \"/^([0-9a-fA-F]{8}-[0-9a-fA-F]{4}-[1-8][0-9a-fA-F]{3}-[89abAB][0-9a-fA-F]{3}-[0-9a-fA-F]{12}|00000000-0000-0000-0000-000000000000|ffffffff-ffff-ffff-ffff-ffffffffffff)$/\",\n    \"path\": [\n      \"senderAccountId\"\n    ],\n    \"message\": \"Invalid UUID\"\n  },\n  {\n    \"origin\": \"string\",\n    \"code\": \"invalid_format\",\n    \"format\": \"uuid\",\n    \"pattern\": \"/^([0-9a-fA-F]{8}-[0-9a-fA-F]{4}-[1-8][0-9a-fA-F]{3}-[89abAB][0-9a-fA-F]{3}-[0-9a-fA-F]{12}|00000000-0000-0000-0000-000000000000|ffffffff-ffff-ffff-ffff-ffffffffffff)$/\",\n    \"path\": [\n      \"recipientAccountId\"\n    ],\n    \"message\": \"Invalid UUID\"\n  },\n  {\n    \"code\": \"invalid_value\",\n    \"values\": [\n      \"INTRA_BANK\",\n      \"INTERBANK\"\n    ],\n    \"path\": [\n      \"type\"\n    ],\n    \"message\": \"Invalid option: expected one of \\\"INTRA_BANK\\\"|\\\"INTERBANK\\\"\"\n  }\n]","level":"error","message":"Transfer creation failed","service":"transfer-service","timestamp":"2025-11-28T23:34:19.271Z"}
{"duration":"26ms","ip":"::1","level":"info","message":"HTTP Request","method":"POST","service":"transfer-service","status":400,"timestamp":"2025-11-28T23:34:19.276Z","url":"/","userAgents":"PostmanRuntime/7.49.1"}
{"body":{"amount":5000,"currency":"NGN","narration":"Salary advance payment","recipientAccountId":"123e4567-e89b-12d3-a456-426614174001","recipientAccountNumber":"1234567890","recipientName":"John Doe","senderAccountId":"123e4567-e89b-12d3-a456-426614174000","type":"INTRA_BANK"},"error":"database \"transfer-microservice\" does not exist","level":"error","message":"Transfer creation failed","service":"transfer-service","timestamp":"2025-11-28T23:37:36.523Z"}
{"duration":"215ms","ip":"::1","level":"info","message":"HTTP Request","method":"POST","service":"transfer-service","status":400,"timestamp":"2025-11-28T23:37:36.524Z","url":"/","userAgents":"PostmanRuntime/7.49.1"}
{"environment":"development","level":"info","message":"Transfer service started successfully","nodeVersion":"v22.14.0","port":3000,"service":"transfer-service","timestamp":"2025-11-28T23:42:11.036Z"}
{"environment":"development","level":"info","message":"Transfer service started successfully","nodeVersion":"v22.14.0","port":3000,"service":"transfer-service","timestamp":"2025-11-28T23:42:59.514Z"}
{"duration":"8ms","ip":"::1","level":"info","message":"HTTP Request","method":"GET","service":"transfer-service","status":200,"timestamp":"2025-11-28T23:43:02.452Z","url":"/","userAgents":"PostmanRuntime/7.49.1"}
{"level":"info","message":"Health check requested","service":"transfer-service","timestamp":"2025-11-28T23:43:06.698Z"}
{"duration":"8ms","ip":"::1","level":"info","message":"HTTP Request","method":"GET","service":"transfer-service","status":200,"timestamp":"2025-11-28T23:43:06.705Z","url":"/health","userAgents":"PostmanRuntime/7.49.1"}
{"body":{"amount":5000,"currency":"NGN","narration":"Salary advance payment","recipientAccountId":"123e4567-e89b-12d3-a456-426614174001","recipientAccountNumber":"1234567890","recipientName":"John Doe","senderAccountId":"123e4567-e89b-12d3-a456-426614174000","type":"INTRA_BANK"},"error":"database \"transfers\" does not exist","level":"error","message":"Transfer creation failed","service":"transfer-service","timestamp":"2025-11-28T23:43:12.497Z"}
{"duration":"35ms","ip":"::1","level":"info","message":"HTTP Request","method":"POST","service":"transfer-service","status":400,"timestamp":"2025-11-28T23:43:12.499Z","url":"/","userAgents":"PostmanRuntime/7.49.1"}
{"environment":"development","level":"info","message":"Transfer service started successfully","nodeVersion":"v22.14.0","port":3000,"service":"transfer-service","timestamp":"2025-11-28T23:44:30.858Z"}
{"duration":"12ms","ip":"::1","level":"info","message":"HTTP Request","method":"GET","service":"transfer-service","status":200,"timestamp":"2025-11-28T23:44:46.094Z","url":"/","userAgents":"PostmanRuntime/7.49.1"}
{"level":"info","message":"Health check requested","service":"transfer-service","timestamp":"2025-11-28T23:44:58.642Z"}
{"duration":"2ms","ip":"::1","level":"info","message":"HTTP Request","method":"GET","service":"transfer-service","status":200,"timestamp":"2025-11-28T23:44:58.643Z","url":"/health","userAgents":"PostmanRuntime/7.49.1"}
{"body":{"amount":5000,"currency":"NGN","narration":"Salary advance payment","recipientAccountId":"123e4567-e89b-12d3-a456-426614174001","recipientAccountNumber":"1234567890","recipientName":"John Doe","senderAccountId":"123e4567-e89b-12d3-a456-426614174000","type":"INTRA_BANK"},"error":"database \"transfers-service\" does not exist","level":"error","message":"Transfer creation failed","service":"transfer-service","timestamp":"2025-11-28T23:45:07.145Z"}
{"duration":"36ms","ip":"::1","level":"info","message":"HTTP Request","method":"POST","service":"transfer-service","status":400,"timestamp":"2025-11-28T23:45:07.147Z","url":"/","userAgents":"PostmanRuntime/7.49.1"}
{"environment":"development","level":"info","message":"Transfer service started successfully","nodeVersion":"v22.14.0","port":3000,"service":"transfer-service","timestamp":"2025-11-30T10:10:49.037Z"}
{"environment":"development","level":"info","message":"Transfer service started successfully","nodeVersion":"v22.14.0","port":3000,"service":"transfer-service","timestamp":"2025-11-30T10:16:48.750Z"}
{"level":"info","message":"Health check requested","service":"transfer-service","timestamp":"2025-11-30T10:16:54.592Z"}
{"duration":"8ms","ip":"::1","level":"info","message":"HTTP Request","method":"GET","service":"transfer-service","status":200,"timestamp":"2025-11-30T10:16:54.600Z","url":"/health","userAgents":"PostmanRuntime/7.49.1"}
{"duration":"1ms","ip":"::1","level":"info","message":"HTTP Request","method":"GET","service":"transfer-service","status":200,"timestamp":"2025-11-30T10:16:59.503Z","url":"/","userAgents":"PostmanRuntime/7.49.1"}
{"body":{"amount":5000,"currency":"NGN","narration":"Salary advance payment","recipientAccountId":"123e4567-e89b-12d3-a456-426614174001","recipientAccountNumber":"1234567890","recipientName":"John Doe","senderAccountId":"123e4567-e89b-12d3-a456-426614174000","type":"INTRA_BANK"},"error":"USER_LIMITS_NOT_FOUND","level":"error","message":"Transfer creation failed","service":"transfer-service","timestamp":"2025-11-30T10:17:08.048Z"}
{"duration":"270ms","ip":"::1","level":"info","message":"HTTP Request","method":"POST","service":"transfer-service","status":400,"timestamp":"2025-11-30T10:17:08.050Z","url":"/","userAgents":"PostmanRuntime/7.49.1"}
{"environment":"development","level":"info","message":"Transfer service started successfully","nodeVersion":"v22.14.0","port":3000,"service":"transfer-service","timestamp":"2025-11-30T10:32:15.303Z"}
{"environment":"development","level":"info","message":"Transfer service started successfully","nodeVersion":"v22.14.0","port":3000,"service":"transfer-service","timestamp":"2025-11-30T10:33:07.141Z"}
{"duration":"5ms","ip":"::1","level":"info","message":"HTTP Request","method":"GET","service":"transfer-service","status":200,"timestamp":"2025-11-30T10:33:10.331Z","url":"/","userAgents":"PostmanRuntime/7.49.1"}
{"body":{"amount":5000,"currency":"NGN","narration":"Salary advance payment","recipientAccountId":"123e4567-e89b-12d3-a456-426614174001","recipientAccountNumber":"1234567890","recipientName":"John Doe","senderAccountId":"123e4567-e89b-12d3-a456-426614174000","type":"INTRA_BANK"},"error":"USER_LIMITS_NOT_FOUND","level":"error","message":"Transfer creation failed","service":"transfer-service","timestamp":"2025-11-30T10:33:14.999Z"}
{"duration":"134ms","ip":"::1","level":"info","message":"HTTP Request","method":"POST","service":"transfer-service","status":400,"timestamp":"2025-11-30T10:33:15.005Z","url":"/","userAgents":"PostmanRuntime/7.49.1"}
{"environment":"development","level":"info","message":"Transfer service started successfully","nodeVersion":"v22.14.0","port":3000,"service":"transfer-service","timestamp":"2025-11-30T10:35:39.327Z"}
{"level":"info","message":"Transfer queued for processing","service":"transfer-service","timestamp":"2025-11-30T10:35:44.429Z","trasnferId":"6c8077e1-5d15-4ea4-95f2-75f9b9abfa49"}
{"amount":"5000.00","level":"info","message":"Transfer created successfully","reference":"TF-1764498944405-YFXR3V","service":"transfer-service","timestamp":"2025-11-30T10:35:44.429Z","transferId":"6c8077e1-5d15-4ea4-95f2-75f9b9abfa49","type":"INTRA_BANK"}
{"level":"info","message":"Transfer creation successful","reference":"TF-1764498944405-YFXR3V","service":"transfer-service","timestamp":"2025-11-30T10:35:44.431Z","transferId":"6c8077e1-5d15-4ea4-95f2-75f9b9abfa49"}
{"duration":"275ms","ip":"::1","level":"info","message":"HTTP Request","method":"POST","service":"transfer-service","status":201,"timestamp":"2025-11-30T10:35:44.439Z","url":"/","userAgents":"PostmanRuntime/7.49.1"}
{"body":{"senderAccountId":"123e4877-e89b-13d3-a456-426614174000","transfers":[{"amount":25000,"currency":"NGN","narration":"Salary January","recipientAccountId":"123e4567-e89b-12d3-a456-422654174001","recipientAccountNumber":"1111111111","recipientName":"Employee One","type":"INTRA_BANK"},{"amount":75000,"currency":"NGN","narration":"Invoice payment #INC-001","recipientAccountNumber":"2222222222","recipientBankCode":"058","recipientName":"Vendor ABC Ltd","type":"INTERBANK"},{"amount":45000.75,"currency":"NGN","narration":"Project completion bonus","recipientAccountId":"123e4567-e89b-34d3-a456-422654174002","recipientAccountNumber":"3333333333","recipientName":"Contractor XYZ","type":"INTRA_BANK"}]},"error":"INSUFFICIENT_FUNDS","level":"error","message":"Bulk transfer creation failed","service":"transfer-service","timestamp":"2025-11-30T10:57:43.602Z"}
{"duration":"517ms","ip":"::1","level":"info","message":"HTTP Request","method":"POST","service":"transfer-service","status":400,"timestamp":"2025-11-30T10:57:43.607Z","url":"/bulk","userAgents":"PostmanRuntime/7.49.1"}
{"body":{"senderAccountId":"123e4877-e89b-13d3-a456-426614174000","transfers":[{"amount":25000,"currency":"NGN","narration":"Salary January","recipientAccountId":"123e4567-e89b-12d3-a456-422654174001","recipientAccountNumber":"1111111111","recipientName":"Employee One","type":"INTRA_BANK"},{"amount":75000,"currency":"NGN","narration":"Invoice payment #INC-001","recipientAccountNumber":"2222222222","recipientBankCode":"058","recipientName":"Vendor ABC Ltd","type":"INTERBANK"},{"amount":45000.75,"currency":"NGN","narration":"Project completion bonus","recipientAccountId":"123e4567-e89b-34d3-a456-422654174002","recipientAccountNumber":"3333333333","recipientName":"Contractor XYZ","type":"INTRA_BANK"}]},"error":"INSUFFICIENT_FUNDS","level":"error","message":"Bulk transfer creation failed","service":"transfer-service","timestamp":"2025-11-30T10:57:52.674Z"}
{"duration":"465ms","ip":"::1","level":"info","message":"HTTP Request","method":"POST","service":"transfer-service","status":400,"timestamp":"2025-11-30T10:57:52.675Z","url":"/bulk","userAgents":"PostmanRuntime/7.49.1"}
{"body":{"senderAccountId":"123e4877-e89b-13d3-a456-426614174000","transfers":[{"amount":25000,"currency":"NGN","narration":"Salary January","recipientAccountId":"123e4567-e89b-12d3-a456-422654174001","recipientAccountNumber":"1111111111","recipientName":"Employee One","type":"INTRA_BANK"},{"amount":75000,"currency":"NGN","narration":"Invoice payment #INC-001","recipientAccountNumber":"2222222222","recipientBankCode":"058","recipientName":"Vendor ABC Ltd","type":"INTERBANK"},{"amount":45000.75,"currency":"NGN","narration":"Project completion bonus","recipientAccountId":"123e4567-e89b-34d3-a456-422654174002","recipientAccountNumber":"3333333333","recipientName":"Contractor XYZ","type":"INTRA_BANK"}]},"error":"INSUFFICIENT_FUNDS","level":"error","message":"Bulk transfer creation failed","service":"transfer-service","timestamp":"2025-11-30T10:57:54.597Z"}
{"duration":"621ms","ip":"::1","level":"info","message":"HTTP Request","method":"POST","service":"transfer-service","status":400,"timestamp":"2025-11-30T10:57:54.598Z","url":"/bulk","userAgents":"PostmanRuntime/7.49.1"}
{"environment":"development","level":"info","message":"Transfer service started successfully","nodeVersion":"v22.14.0","port":3000,"service":"transfer-service","timestamp":"2025-11-30T11:00:17.917Z"}
{"body":{"senderAccountId":"123e4877-e89b-13d3-a456-426614174000","transfers":[{"amount":25000,"currency":"NGN","narration":"Salary January","recipientAccountId":"123e4567-e89b-12d3-a456-422654174001","recipientAccountNumber":"1111111111","recipientName":"Employee One","type":"INTRA_BANK"},{"amount":75000,"currency":"NGN","narration":"Invoice payment #INC-001","recipientAccountNumber":"2222222222","recipientBankCode":"058","recipientName":"Vendor ABC Ltd","type":"INTERBANK"},{"amount":45000.75,"currency":"NGN","narration":"Project completion bonus","recipientAccountId":"123e4567-e89b-34d3-a456-422654174002","recipientAccountNumber":"3333333333","recipientName":"Contractor XYZ","type":"INTRA_BANK"}]},"error":"INSUFFICIENT_FUNDS","level":"error","message":"Bulk transfer creation failed","service":"transfer-service","timestamp":"2025-11-30T11:00:22.688Z"}
{"duration":"518ms","ip":"::1","level":"info","message":"HTTP Request","method":"POST","service":"transfer-service","status":400,"timestamp":"2025-11-30T11:00:22.695Z","url":"/bulk","userAgents":"PostmanRuntime/7.49.1"}
{"body":{"senderAccountId":"123e4877-e89b-13d3-a456-426614174000","transfers":[{"amount":25000,"currency":"NGN","narration":"Salary January","recipientAccountId":"123e4567-e89b-12d3-a456-422654174001","recipientAccountNumber":"1111111111","recipientName":"Employee One","type":"INTRA_BANK"},{"amount":75000,"currency":"NGN","narration":"Invoice payment #INC-001","recipientAccountNumber":"2222222222","recipientBankCode":"058","recipientName":"Vendor ABC Ltd","type":"INTERBANK"},{"amount":45000.75,"currency":"NGN","narration":"Project completion bonus","recipientAccountId":"123e4567-e89b-34d3-a456-422654174002","recipientAccountNumber":"3333333333","recipientName":"Contractor XYZ","type":"INTRA_BANK"}]},"error":"INSUFFICIENT_FUNDS","level":"error","message":"Bulk transfer creation failed","service":"transfer-service","timestamp":"2025-11-30T11:00:26.094Z"}
{"duration":"585ms","ip":"::1","level":"info","message":"HTTP Request","method":"POST","service":"transfer-service","status":400,"timestamp":"2025-11-30T11:00:26.096Z","url":"/bulk","userAgents":"PostmanRuntime/7.49.1"}
{"idempotencyKey":"idemp-12345-67890","level":"info","message":"Idempotent transfer request detected, returning existing transfer","service":"transfer-service","timestamp":"2025-11-30T11:05:01.266Z","transferId":"6c8077e1-5d15-4ea4-95f2-75f9b9abfa49"}
{"level":"info","message":"Transfer creation successful","reference":"TF-1764498944405-YFXR3V","service":"transfer-service","timestamp":"2025-11-30T11:05:01.269Z","transferId":"6c8077e1-5d15-4ea4-95f2-75f9b9abfa49"}
{"duration":"10ms","ip":"::1","level":"info","message":"HTTP Request","method":"POST","service":"transfer-service","status":201,"timestamp":"2025-11-30T11:05:01.273Z","url":"/","userAgents":"PostmanRuntime/7.49.1"}
{"duration":"4ms","ip":"::1","level":"info","message":"HTTP Request","method":"GET","service":"transfer-service","status":200,"timestamp":"2025-11-30T11:06:12.867Z","url":"/","userAgents":"PostmanRuntime/7.49.1"}
{"idempotencyKey":"idemp-12345-67890","level":"info","message":"Idempotent transfer request detected, returning existing transfer","service":"transfer-service","timestamp":"2025-11-30T11:06:19.631Z","transferId":"6c8077e1-5d15-4ea4-95f2-75f9b9abfa49"}
{"level":"info","message":"Transfer creation successful","reference":"TF-1764498944405-YFXR3V","service":"transfer-service","timestamp":"2025-11-30T11:06:19.633Z","transferId":"6c8077e1-5d15-4ea4-95f2-75f9b9abfa49"}
{"duration":"7ms","ip":"::1","level":"info","message":"HTTP Request","method":"POST","service":"transfer-service","status":201,"timestamp":"2025-11-30T11:06:19.634Z","url":"/","userAgents":"PostmanRuntime/7.49.1"}
{"body":{"amount":500000,"currency":"NGN","narration":"Salary advance payment","recipientAccountId":"123e4877-e89b-13d3-a456-426614174000","recipientAccountNumber":"1234567890","recipientName":"yayo Doe","senderAccountId":"123e4567-e89b-12d3-a456-426614174000","type":"INTRA_BANK"},"error":"INSUFFICIENT_FUNDS","level":"error","message":"Transfer creation failed","service":"transfer-service","timestamp":"2025-11-30T11:06:42.366Z"}
{"duration":"252ms","ip":"::1","level":"info","message":"HTTP Request","method":"POST","service":"transfer-service","status":400,"timestamp":"2025-11-30T11:06:42.368Z","url":"/","userAgents":"PostmanRuntime/7.49.1"}
{"environment":"development","level":"info","message":"Transfer service started successfully","nodeVersion":"v22.14.0","port":3000,"service":"transfer-service","timestamp":"2025-11-30T11:07:41.037Z"}
{"body":{"amount":500000,"currency":"NGN","narration":"Salary advance payment","recipientAccountId":"123e4877-e89b-13d3-a456-426614174000","recipientAccountNumber":"1234567890","recipientName":"yayo Doe","senderAccountId":"123e4567-e89b-12d3-a456-426614174000","type":"INTRA_BANK"},"error":"INSUFFICIENT_FUNDS","level":"error","message":"Transfer creation failed","service":"transfer-service","timestamp":"2025-11-30T11:07:55.977Z"}
{"duration":"256ms","ip":"::1","level":"info","message":"HTTP Request","method":"POST","service":"transfer-service","status":400,"timestamp":"2025-11-30T11:07:55.984Z","url":"/","userAgents":"PostmanRuntime/7.49.1"}
{"level":"info","message":"Transfer queued for processing","service":"transfer-service","timestamp":"2025-11-30T11:08:07.609Z","trasnferId":"19427dd1-2eab-40b8-9f64-2c789fb84177"}
{"amount":"5000.00","level":"info","message":"Transfer created successfully","reference":"TF-1764500887600-DJWR69","service":"transfer-service","timestamp":"2025-11-30T11:08:07.610Z","transferId":"19427dd1-2eab-40b8-9f64-2c789fb84177","type":"INTRA_BANK"}
{"level":"info","message":"Transfer creation successful","reference":"TF-1764500887600-DJWR69","service":"transfer-service","timestamp":"2025-11-30T11:08:07.612Z","transferId":"19427dd1-2eab-40b8-9f64-2c789fb84177"}
{"duration":"228ms","ip":"::1","level":"info","message":"HTTP Request","method":"POST","service":"transfer-service","status":201,"timestamp":"2025-11-30T11:08:07.613Z","url":"/","userAgents":"PostmanRuntime/7.49.1"}
{"environment":"development","level":"info","message":"Transfer service started successfully","nodeVersion":"v22.14.0","port":3000,"service":"transfer-service","timestamp":"2025-11-30T11:09:19.400Z"}
{"bulkTransferId":"03f945bb-00e3-4590-a196-b45fbd666b74","level":"info","message":"Bulk transfer queued for processing","service":"transfer-service","timestamp":"2025-11-30T11:09:27.406Z"}
{"bulkTransferId":"03f945bb-00e3-4590-a196-b45fbd666b74","level":"info","message":"Bulk transfer created successfully","reference":"BULK-1764500966928","service":"transfer-service","timestamp":"2025-11-30T11:09:27.407Z","totalAmount":145000.75,"totaltransfers":3}
{"bulkTransferId":"03f945bb-00e3-4590-a196-b45fbd666b74","level":"info","message":"Bulk transfer creation request successful","service":"transfer-service","timestamp":"2025-11-30T11:09:27.449Z"}
{"duration":"642ms","ip":"::1","level":"info","message":"HTTP Request","method":"POST","service":"transfer-service","status":201,"timestamp":"2025-11-30T11:09:27.455Z","url":"/bulk","userAgents":"PostmanRuntime/7.49.1"}
{"duration":"43ms","ip":"::1","level":"info","message":"HTTP Request","method":"GET","service":"transfer-service","status":200,"timestamp":"2025-11-30T15:37:30.138Z","url":"/","userAgents":"PostmanRuntime/7.49.1"}
{"body":{"amount":120000,"currency":"NGN","endDate":"2026-06-01T00:00:00Z","frequency":"MONTHLY","narration":"Monthly office rent payment","recipientAccountId":"123e4877-e69b-13d3-a456-426614174003","recipientAccountNumber":"4444444444","recipientName":"Rent payment","senderAccountId":"123e4567-e89b-12d3-a456-426614174000"},"error":"column \"recipient_bank_coode\" of relation \"recurring_transfers\" does not exist","level":"error","message":"Recurring transfer creation failed","service":"transfer-service","timestamp":"2025-11-30T15:44:05.403Z"}
{"duration":"417ms","ip":"::1","level":"info","message":"HTTP Request","method":"POST","service":"transfer-service","status":400,"timestamp":"2025-11-30T15:44:05.404Z","url":"/recurring","userAgents":"PostmanRuntime/7.49.1"}
{"environment":"development","level":"info","message":"Transfer service started successfully","nodeVersion":"v22.14.0","port":3000,"service":"transfer-service","timestamp":"2025-11-30T15:50:08.076Z"}
{"body":{"amount":120000,"currency":"NGN","endDate":"2026-06-01T00:00:00Z","frequency":"MONTHLY","narration":"Monthly office rent payment","recipientAccountId":"123e4877-e69b-13d3-a456-426614174003","recipientAccountNumber":"4444444444","recipientName":"Rent payment","senderAccountId":"123e4567-e89b-12d3-a456-426614174000"},"error":"USER_LIMITS_NOT_FOUND","level":"error","message":"Recurring transfer creation failed","service":"transfer-service","timestamp":"2025-11-30T15:50:14.987Z"}
{"duration":"128ms","ip":"::1","level":"info","message":"HTTP Request","method":"POST","service":"transfer-service","status":400,"timestamp":"2025-11-30T15:50:14.992Z","url":"/recurring","userAgents":"PostmanRuntime/7.49.1"}
{"environment":"development","level":"info","message":"Transfer service started successfully","nodeVersion":"v22.14.0","port":3000,"service":"transfer-service","timestamp":"2025-11-30T15:51:20.324Z"}
{"level":"info","message":"Recurring transfer scheduled","recurringTransferId":"79fb5ee2-5272-4345-a19c-5b31600078f9","service":"transfer-service","timestamp":"2025-11-30T15:51:29.854Z"}
{"frequency":"MONTHLY","level":"info","message":"Recurring transfer created successfully","nextExecution":"2025-12-30T15:51:29.817Z","recurringTransferId":"79fb5ee2-5272-4345-a19c-5b31600078f9","service":"transfer-service","timestamp":"2025-11-30T15:51:29.855Z"}
{"bulkTransferId":"79fb5ee2-5272-4345-a19c-5b31600078f9","frequency":"MONTHLY","level":"info","message":"Recurring transfer creation request successful","service":"transfer-service","timestamp":"2025-11-30T15:51:29.902Z"}
{"duration":"150ms","ip":"::1","level":"info","message":"HTTP Request","method":"POST","service":"transfer-service","status":201,"timestamp":"2025-11-30T15:51:29.912Z","url":"/recurring","userAgents":"PostmanRuntime/7.49.1"}
{"level":"info","message":"Transfer retrieval request","service":"transfer-service","timestamp":"2025-11-30T15:56:29.480Z","transferId":"19427dd1-2eab-40b8-9f64-2c789fb84177"}
{"duration":"5ms","ip":"::1","level":"info","message":"HTTP Request","method":"GET","service":"transfer-service","status":200,"timestamp":"2025-11-30T15:56:29.484Z","url":"/19427dd1-2eab-40b8-9f64-2c789fb84177","userAgents":"PostmanRuntime/7.49.1"}
{"environment":"development","level":"info","message":"Transfer service started successfully","nodeVersion":"v22.14.0","port":3000,"service":"transfer-service","timestamp":"2025-11-30T15:58:19.379Z"}
{"environment":"development","level":"info","message":"Transfer service started successfully","nodeVersion":"v22.14.0","port":3000,"service":"transfer-service","timestamp":"2025-11-30T15:58:53.740Z"}
{"environment":"development","level":"info","message":"Transfer service started successfully","nodeVersion":"v22.14.0","port":3000,"service":"transfer-service","timestamp":"2025-12-01T09:00:06.636Z"}
{"environment":"development","level":"info","message":"Transfer service started successfully","nodeVersion":"v22.14.0","port":3000,"service":"transfer-service","timestamp":"2025-12-01T09:01:21.261Z"}
{"level":"info","message":"Health check requested","service":"transfer-service","timestamp":"2025-12-01T09:01:24.260Z"}
{"duration":"12ms","ip":"::1","level":"info","message":"HTTP Request","method":"GET","service":"transfer-service","status":200,"timestamp":"2025-12-01T09:01:24.270Z","url":"/health","userAgents":"PostmanRuntime/7.49.1"}
{"body":{"amount":20000,"currency":"NGN","endDate":"2026-06-01T00:00:00Z","frequency":"WEEKLY","narration":"Car payment","recipientAccountId":"321e4877-e69b-13d3-a456-426614174003","recipientAccountNumber":"5555555555","recipientName":"Car payment","senderAccountId":"456e4567-e89b-12d3-a456-426614174000"},"error":"USER_LIMITS_NOT_FOUND","level":"error","message":"Recurring transfer creation failed","service":"transfer-service","timestamp":"2025-12-01T09:05:12.016Z"}
{"duration":"137ms","ip":"::1","level":"info","message":"HTTP Request","method":"POST","service":"transfer-service","status":400,"timestamp":"2025-12-01T09:05:12.018Z","url":"/recurring","userAgents":"PostmanRuntime/7.49.1"}
{"environment":"development","level":"info","message":"Transfer service started successfully","nodeVersion":"v22.14.0","port":3000,"service":"transfer-service","timestamp":"2025-12-01T09:06:04.609Z"}
{"level":"info","message":"Recurring transfer scheduled","recurringTransferId":"fbc23f80-88df-416a-81c7-db62c0cff835","service":"transfer-service","timestamp":"2025-12-01T09:06:07.724Z"}
{"frequency":"WEEKLY","level":"info","message":"Recurring transfer created successfully","nextExecution":"2025-12-08T09:06:07.663Z","recurringTransferId":"fbc23f80-88df-416a-81c7-db62c0cff835","service":"transfer-service","timestamp":"2025-12-01T09:06:07.726Z"}
{"bulkTransferId":"fbc23f80-88df-416a-81c7-db62c0cff835","frequency":"WEEKLY","level":"info","message":"Recurring transfer creation request successful","service":"transfer-service","timestamp":"2025-12-01T09:06:07.729Z"}
{"duration":"108ms","ip":"::1","level":"info","message":"HTTP Request","method":"POST","service":"transfer-service","status":201,"timestamp":"2025-12-01T09:06:07.736Z","url":"/recurring","userAgents":"PostmanRuntime/7.49.1"}
{"bulkTransferId":"03f945bb-00e3-4590-a196-b45fbd666b74","level":"info","message":"Bulk transfer creation request successful","service":"transfer-service","timestamp":"2025-12-01T09:12:05.594Z"}
{"duration":"50ms","ip":"::1","level":"info","message":"HTTP Request","method":"POST","service":"transfer-service","status":201,"timestamp":"2025-12-01T09:12:05.596Z","url":"/bulk","userAgents":"PostmanRuntime/7.49.1"}
{"body":{"senderAccountId":"873e4877-e89b-13d3-a456-426614174000","transfers":[{"amount":87000.34,"currency":"NGN","narration":"Salary May","recipientAccountId":"789e4567-e89b-12d3-a456-422654174001","recipientAccountNumber":"1212121212","recipientName":"Employee two","type":"INTRA_BANK"},{"amount":23000.9,"currency":"NGN","narration":"Invoice payment #INC-891","recipientAccountNumber":"4321432156","recipientBankCode":"042","recipientName":"GST Ltd","type":"INTERBANK"},{"amount":62000.75,"currency":"NGN","narration":"Infrastructure completion bonus","recipientAccountId":"901e4567-e89b-34d8-a456-422654174002","recipientAccountNumber":"9019015672","recipientName":"HTA INFRASTRUCTURES","type":"INTRA_BANK"}]},"error":"USER_LIMITS_NOT_FOUND","level":"error","message":"Bulk transfer creation failed","service":"transfer-service","timestamp":"2025-12-01T09:12:22.852Z"}
{"duration":"179ms","ip":"::1","level":"info","message":"HTTP Request","method":"POST","service":"transfer-service","status":400,"timestamp":"2025-12-01T09:12:22.853Z","url":"/bulk","userAgents":"PostmanRuntime/7.49.1"}
{"environment":"development","level":"info","message":"Transfer service started successfully","nodeVersion":"v22.14.0","port":3000,"service":"transfer-service","timestamp":"2025-12-01T09:14:43.698Z"}
{"bulkTransferId":"1dea5d04-af41-436b-9c9a-bd0905e1e3cc","level":"info","message":"Bulk transfer queued for processing","service":"transfer-service","timestamp":"2025-12-01T09:15:00.470Z"}
{"bulkTransferId":"1dea5d04-af41-436b-9c9a-bd0905e1e3cc","level":"info","message":"Bulk transfer created successfully","reference":"BULK-1764580499986","service":"transfer-service","timestamp":"2025-12-01T09:15:00.471Z","totalAmount":172001.99,"totaltransfers":3}
{"bulkTransferId":"1dea5d04-af41-436b-9c9a-bd0905e1e3cc","level":"info","message":"Bulk transfer creation request successful","service":"transfer-service","timestamp":"2025-12-01T09:15:00.474Z"}
{"duration":"619ms","ip":"::1","level":"info","message":"HTTP Request","method":"POST","service":"transfer-service","status":201,"timestamp":"2025-12-01T09:15:00.480Z","url":"/bulk","userAgents":"PostmanRuntime/7.49.1"}
{"environment":"development","level":"info","message":"Transfer service started successfully","nodeVersion":"v22.14.0","port":3000,"service":"transfer-service","timestamp":"2025-12-01T09:15:55.675Z"}
{"environment":"development","level":"info","message":"Transfer service started successfully","nodeVersion":"v22.14.0","port":3000,"service":"transfer-service","timestamp":"2025-12-11T12:41:50.919Z"}
{"environment":"development","level":"info","message":"Transfer service started successfully","nodeVersion":"v22.14.0","port":3000,"service":"transfer-service","timestamp":"2025-12-11T12:42:49.995Z"}
{"level":"info","message":"Health check requested","service":"transfer-service","timestamp":"2025-12-11T13:18:29.400Z"}
{"duration":"29ms","ip":"::1","level":"info","message":"HTTP Request","method":"GET","service":"transfer-service","status":200,"timestamp":"2025-12-11T13:18:29.425Z","url":"/health","userAgents":"PostmanRuntime/7.49.1"}
{"duration":"2ms","ip":"::1","level":"info","message":"HTTP Request","method":"GET","service":"transfer-service","status":200,"timestamp":"2025-12-11T13:19:38.425Z","url":"/","userAgents":"PostmanRuntime/7.49.1"}
{"duration":"44ms","ip":"::1","level":"info","message":"HTTP Request","method":"GET","service":"transfer-service","status":200,"timestamp":"2025-12-11T21:54:18.754Z","url":"/","userAgents":"PostmanRuntime/7.49.1"}
{"duration":"41ms","ip":"::1","level":"info","message":"HTTP Request","method":"GET","service":"transfer-service","status":200,"timestamp":"2025-12-12T16:24:29.623Z","url":"/","userAgents":"PostmanRuntime/7.49.1"}
{"level":"info","message":"Health check requested","service":"transfer-service","timestamp":"2025-12-12T16:26:36.095Z"}
{"duration":"23ms","ip":"::1","level":"info","message":"HTTP Request","method":"GET","service":"transfer-service","status":200,"timestamp":"2025-12-12T16:26:36.109Z","url":"/health","userAgents":"PostmanRuntime/7.49.1"}
{"error":"Cannot read properties of undefined (reading 'IDEMPOTENCY_HEADER')","level":"error","message":"Unhandled error","method":"POST","service":"transfer-service","stack":"TypeError: Cannot read properties of undefined (reading 'IDEMPOTENCY_HEADER')\n    at /Users/apple/Desktop/Transfer service microservice/src/middleware/idempotency-middleware.ts:152:49\n    at Generator.next (<anonymous>)\n    at /Users/apple/Desktop/Transfer service microservice/src/middleware/idempotency-middleware.ts:8:71\n    at new Promise (<anonymous>)\n    at __awaiter (/Users/apple/Desktop/Transfer service microservice/src/middleware/idempotency-middleware.ts:4:12)\n    at handle (/Users/apple/Desktop/Transfer service microservice/src/middleware/idempotency-middleware.ts:149:16)\n    at Layer.handleRequest (/Users/apple/Desktop/Transfer service microservice/node_modules/router/lib/layer.js:152:17)\n    at trimPrefix (/Users/apple/Desktop/Transfer service microservice/node_modules/router/index.js:342:13)\n    at /Users/apple/Desktop/Transfer service microservice/node_modules/router/index.js:297:9\n    at processParams (/Users/apple/Desktop/Transfer service microservice/node_modules/router/index.js:582:12)","timestamp":"2025-12-12T16:29:16.780Z","url":"/api/v1/transfers"}
{"environment":"development","level":"info","message":"Transfer service started successfully","nodeVersion":"v22.14.0","port":3000,"service":"transfer-service","timestamp":"2025-12-12T16:35:45.979Z"}
{"error":"Cannot read properties of undefined (reading 'IDEMPOTENCY_HEADER')","level":"error","message":"Unhandled error","method":"POST","service":"transfer-service","stack":"TypeError: Cannot read properties of undefined (reading 'IDEMPOTENCY_HEADER')\n    at /Users/apple/Desktop/Transfer service microservice/src/middleware/idempotency-middleware.ts:152:49\n    at Generator.next (<anonymous>)\n    at /Users/apple/Desktop/Transfer service microservice/src/middleware/idempotency-middleware.ts:8:71\n    at new Promise (<anonymous>)\n    at __awaiter (/Users/apple/Desktop/Transfer service microservice/src/middleware/idempotency-middleware.ts:4:12)\n    at handle (/Users/apple/Desktop/Transfer service microservice/src/middleware/idempotency-middleware.ts:149:16)\n    at Layer.handleRequest (/Users/apple/Desktop/Transfer service microservice/node_modules/router/lib/layer.js:152:17)\n    at trimPrefix (/Users/apple/Desktop/Transfer service microservice/node_modules/router/index.js:342:13)\n    at /Users/apple/Desktop/Transfer service microservice/node_modules/router/index.js:297:9\n    at processParams (/Users/apple/Desktop/Transfer service microservice/node_modules/router/index.js:582:12)","timestamp":"2025-12-12T16:35:52.609Z","url":"/api/v1/transfers"}
{"environment":"development","level":"info","message":"Transfer service started successfully","nodeVersion":"v22.14.0","port":3000,"service":"transfer-service","timestamp":"2025-12-12T16:42:36.684Z"}
{"environment":"development","level":"info","message":"Transfer service started successfully","nodeVersion":"v22.14.0","port":3000,"service":"transfer-service","timestamp":"2025-12-12T16:42:45.682Z"}
{"error":"Cannot read properties of undefined (reading 'IDEMPOTENCY_HEADER')","level":"error","message":"Unhandled error","method":"POST","service":"transfer-service","stack":"TypeError: Cannot read properties of undefined (reading 'IDEMPOTENCY_HEADER')\n    at /Users/apple/Desktop/Transfer service microservice/src/middleware/idempotency-middleware.ts:152:49\n    at Generator.next (<anonymous>)\n    at /Users/apple/Desktop/Transfer service microservice/src/middleware/idempotency-middleware.ts:8:71\n    at new Promise (<anonymous>)\n    at __awaiter (/Users/apple/Desktop/Transfer service microservice/src/middleware/idempotency-middleware.ts:4:12)\n    at handle (/Users/apple/Desktop/Transfer service microservice/src/middleware/idempotency-middleware.ts:149:16)\n    at Layer.handleRequest (/Users/apple/Desktop/Transfer service microservice/node_modules/router/lib/layer.js:152:17)\n    at trimPrefix (/Users/apple/Desktop/Transfer service microservice/node_modules/router/index.js:342:13)\n    at /Users/apple/Desktop/Transfer service microservice/node_modules/router/index.js:297:9\n    at processParams (/Users/apple/Desktop/Transfer service microservice/node_modules/router/index.js:582:12)","timestamp":"2025-12-12T16:43:09.638Z","url":"/api/v1/transfers"}
{"error":"Cannot read properties of undefined (reading 'IDEMPOTENCY_HEADER')","level":"error","message":"Unhandled error","method":"POST","service":"transfer-service","stack":"TypeError: Cannot read properties of undefined (reading 'IDEMPOTENCY_HEADER')\n    at /Users/apple/Desktop/Transfer service microservice/src/middleware/idempotency-middleware.ts:152:49\n    at Generator.next (<anonymous>)\n    at /Users/apple/Desktop/Transfer service microservice/src/middleware/idempotency-middleware.ts:8:71\n    at new Promise (<anonymous>)\n    at __awaiter (/Users/apple/Desktop/Transfer service microservice/src/middleware/idempotency-middleware.ts:4:12)\n    at handle (/Users/apple/Desktop/Transfer service microservice/src/middleware/idempotency-middleware.ts:149:16)\n    at Layer.handleRequest (/Users/apple/Desktop/Transfer service microservice/node_modules/router/lib/layer.js:152:17)\n    at trimPrefix (/Users/apple/Desktop/Transfer service microservice/node_modules/router/index.js:342:13)\n    at /Users/apple/Desktop/Transfer service microservice/node_modules/router/index.js:297:9\n    at processParams (/Users/apple/Desktop/Transfer service microservice/node_modules/router/index.js:582:12)","timestamp":"2025-12-12T16:43:11.188Z","url":"/api/v1/transfers"}
{"environment":"development","level":"info","message":"Transfer service started successfully","nodeVersion":"v22.14.0","port":3000,"service":"transfer-service","timestamp":"2025-12-12T16:44:55.135Z"}
{"environment":"development","level":"info","message":"Transfer service started successfully","nodeVersion":"v22.14.0","port":3000,"service":"transfer-service","timestamp":"2025-12-12T16:45:36.151Z"}
{"environment":"development","level":"info","message":"Transfer service started successfully","nodeVersion":"v22.14.0","port":3000,"service":"transfer-service","timestamp":"2025-12-12T16:47:40.718Z"}
{"level":"info","message":"Health check requested","service":"transfer-service","timestamp":"2025-12-12T16:47:43.492Z"}
{"duration":"6ms","ip":"::1","level":"info","message":"HTTP Request","method":"GET","service":"transfer-service","status":200,"timestamp":"2025-12-12T16:47:43.498Z","url":"/health","userAgents":"PostmanRuntime/7.49.1"}
{"duration":"2ms","ip":"::1","level":"info","message":"HTTP Request","method":"GET","service":"transfer-service","status":200,"timestamp":"2025-12-12T16:47:48.806Z","url":"/","userAgents":"PostmanRuntime/7.49.1"}
{"error":"Cannot read properties of undefined (reading 'IDEMPOTENCY_HEADER')","level":"error","message":"Unhandled error","method":"POST","service":"transfer-service","stack":"TypeError: Cannot read properties of undefined (reading 'IDEMPOTENCY_HEADER')\n    at /Users/apple/Desktop/Transfer service microservice/src/middleware/idempotency-middleware.ts:152:49\n    at Generator.next (<anonymous>)\n    at /Users/apple/Desktop/Transfer service microservice/src/middleware/idempotency-middleware.ts:8:71\n    at new Promise (<anonymous>)\n    at __awaiter (/Users/apple/Desktop/Transfer service microservice/src/middleware/idempotency-middleware.ts:4:12)\n    at handle (/Users/apple/Desktop/Transfer service microservice/src/middleware/idempotency-middleware.ts:149:16)\n    at Layer.handleRequest (/Users/apple/Desktop/Transfer service microservice/node_modules/router/lib/layer.js:152:17)\n    at trimPrefix (/Users/apple/Desktop/Transfer service microservice/node_modules/router/index.js:342:13)\n    at /Users/apple/Desktop/Transfer service microservice/node_modules/router/index.js:297:9\n    at processParams (/Users/apple/Desktop/Transfer service microservice/node_modules/router/index.js:582:12)","timestamp":"2025-12-12T16:47:52.549Z","url":"/api/v1/transfers"}
{"environment":"development","level":"info","message":"Transfer service started successfully","nodeVersion":"v22.14.0","port":3000,"service":"transfer-service","timestamp":"2025-12-12T17:02:13.082Z"}
{"environment":"development","level":"info","message":"Transfer service started successfully","nodeVersion":"v22.14.0","port":3000,"service":"transfer-service","timestamp":"2025-12-12T17:03:51.716Z"}
{"body":{"amount":5000,"currency":"NGN","narration":"Test transfer","recipientAccountId":"acc-456","recipientAccountNumber":"1234567890","recipientBankCode":"044","recipientName":"John Doe","senderAccountId":"acc-123","type":"INTERBANK"},"error":"[\n  {\n    \"origin\": \"string\",\n    \"code\": \"invalid_format\",\n    \"format\": \"uuid\",\n    \"pattern\": \"/^([0-9a-fA-F]{8}-[0-9a-fA-F]{4}-[1-8][0-9a-fA-F]{3}-[89abAB][0-9a-fA-F]{3}-[0-9a-fA-F]{12}|00000000-0000-0000-0000-000000000000|ffffffff-ffff-ffff-ffff-ffffffffffff)$/\",\n    \"path\": [\n      \"senderAccountId\"\n    ],\n    \"message\": \"Invalid UUID\"\n  },\n  {\n    \"origin\": \"string\",\n    \"code\": \"invalid_format\",\n    \"format\": \"uuid\",\n    \"pattern\": \"/^([0-9a-fA-F]{8}-[0-9a-fA-F]{4}-[1-8][0-9a-fA-F]{3}-[89abAB][0-9a-fA-F]{3}-[0-9a-fA-F]{12}|00000000-0000-0000-0000-000000000000|ffffffff-ffff-ffff-ffff-ffffffffffff)$/\",\n    \"path\": [\n      \"recipientAccountId\"\n    ],\n    \"message\": \"Invalid UUID\"\n  }\n]","level":"error","message":"Transfer creation failed","service":"transfer-service","timestamp":"2025-12-12T17:03:55.418Z"}
{"duration":"11ms","ip":"::1","level":"info","message":"HTTP Request","method":"POST","service":"transfer-service","status":400,"timestamp":"2025-12-12T17:03:55.424Z","url":"/","userAgents":"PostmanRuntime/7.49.1"}
{"body":{"amount":5000,"currency":"NGN","narration":"Test transfer","recipientAccountId":"123e4567-e89b-12d3-a456-426614174000","recipientAccountNumber":"1234567890","recipientBankCode":"044","recipientName":"John Doe","senderAccountId":"550e8400-e29b-41d4-a716-446655440000","type":"INTERBANK"},"error":"USER_LIMITS_NOT_FOUND","level":"error","message":"Transfer creation failed","service":"transfer-service","timestamp":"2025-12-12T17:05:26.395Z"}
{"duration":"152ms","ip":"::1","level":"info","message":"HTTP Request","method":"POST","service":"transfer-service","status":400,"timestamp":"2025-12-12T17:05:26.399Z","url":"/","userAgents":"PostmanRuntime/7.49.1"}
{"environment":"development","level":"info","message":"Transfer service started successfully","nodeVersion":"v22.14.0","port":3000,"service":"transfer-service","timestamp":"2025-12-12T17:07:24.750Z"}
{"level":"info","message":"Transfer job queued","service":"transfer-service","timestamp":"2025-12-12T17:07:28.563Z","transferId":"f6da613e-452c-4942-9948-5891b78fa201"}
{"level":"info","message":"Transfer queued for processing","service":"transfer-service","timestamp":"2025-12-12T17:07:28.565Z","transferId":"f6da613e-452c-4942-9948-5891b78fa201"}
{"amount":"5000.00","level":"info","message":"Transfer created successfully","reference":"TF-1765559248373-L8G4G1","service":"transfer-service","timestamp":"2025-12-12T17:07:28.566Z","transferId":"f6da613e-452c-4942-9948-5891b78fa201","type":"INTERBANK"}
{"attempt":0,"jobId":"1","level":"info","message":"processing transfer job","service":"transfer-service","timestamp":"2025-12-12T17:07:28.568Z","transferId":"f6da613e-452c-4942-9948-5891b78fa201"}
{"jobId":"1","level":"info","message":"Transfer job progress","service":"transfer-service","timestamp":"2025-12-12T17:07:28.571Z","transferId":"f6da613e-452c-4942-9948-5891b78fa201"}
{"level":"info","message":"Transfer creation successful","reference":"TF-1765559248373-L8G4G1","service":"transfer-service","timestamp":"2025-12-12T17:07:28.573Z","transferId":"f6da613e-452c-4942-9948-5891b78fa201"}
{"duration":"387ms","ip":"::1","level":"info","message":"HTTP Request","method":"POST","service":"transfer-service","status":201,"timestamp":"2025-12-12T17:07:28.579Z","url":"/","userAgents":"PostmanRuntime/7.49.1"}
{"error":"Cannot read properties of undefined (reading 'slice')","level":"error","message":"Error processing transfer","service":"transfer-service","timestamp":"2025-12-12T17:07:30.722Z","transferId":"f6da613e-452c-4942-9948-5891b78fa201"}
{"level":"error","message":"Transfer failed","reason":"Cannot read properties of undefined (reading 'slice')","service":"transfer-service","timestamp":"2025-12-12T17:07:30.728Z","transferId":"f6da613e-452c-4942-9948-5891b78fa201"}
{"jobId":"1","level":"info","message":"Transfer job progress","service":"transfer-service","timestamp":"2025-12-12T17:07:30.730Z","transferId":"f6da613e-452c-4942-9948-5891b78fa201"}
{"jobId":"1","level":"info","message":"Transfer job completed successfully","service":"transfer-service","timestamp":"2025-12-12T17:07:30.731Z","transferId":"f6da613e-452c-4942-9948-5891b78fa201"}
{"jobId":"1","level":"info","message":"Transfer job completed","service":"transfer-service","timestamp":"2025-12-12T17:07:30.781Z","transferId":"f6da613e-452c-4942-9948-5891b78fa201"}
{"environment":"development","level":"info","message":"Transfer service started successfully","nodeVersion":"v22.14.0","port":3000,"service":"transfer-service","timestamp":"2025-12-12T17:22:24.508Z"}
